x0  = 0x00000000 (0)
x1  = 0x00000005 (5)
x2  = 0xFFFFFF9C (-100)
x3  = 0x000007FF (2047)
x4  = 0xFFFFFE0C (-500)
x5  = 0xFFFFFFFF (-1)
x6  = 0x000007FE (2046)
x7  = 0xFFFFFE0C (-500)
x8  = 0xFFFFFFEC (-20)
x9  = 0x3333331F (858993439)
x10 = 0x0000002F (47)
x11 = 0x000007FF (2047)
x12 = 0x00000000 (0)
x13 = 0x00000000 (0)
x14 = 0x00000000 (0)
x15 = 0x00000000 (0)
x16 = 0x00000000 (0)
x17 = 0x00000000 (0)
x18 = 0x00000000 (0)
x19 = 0x00000000 (0)
x20 = 0x00000000 (0)
x21 = 0x00000000 (0)
x22 = 0x00000000 (0)
x23 = 0x00000000 (0)
x24 = 0x00000000 (0)
x25 = 0x00000000 (0)
x26 = 0x00000000 (0)
x27 = 0x00000000 (0)
x28 = 0x00000000 (0)
x29 = 0x00000000 (0)
x30 = 0x00000000 (0)
x31 = 0x00000000 (0)
